2019-06-20T09:05:25+00:00 DEBUG ---[ New Import ] PHP Memory: 128 MB, WP Memory: 40 MB
2019-06-20T09:05:25+00:00 DEBUG Parsing products CSV.
2019-06-20T09:05:25+00:00 DEBUG Finished parsing products CSV.
2019-06-20T09:05:25+00:00 DEBUG ---
2019-06-20T09:05:25+00:00 DEBUG Processing products.
2019-06-20T09:05:25+00:00 DEBUG > Row 1 - preparing for import.
2019-06-20T09:05:25+00:00 DEBUG > > (537) Term Accessories for Atmosphere (product_cat) exists? Array
(
    [term_id] => 68
    [term_taxonomy_id] => 68
)

2019-06-20T09:05:25+00:00 DEBUG > Inserting Chai Incense Holder
2019-06-20T09:05:26+00:00 DEBUG > Inserted - post ID is 1058.
2019-06-20T09:05:27+00:00 DEBUG > Finished importing post ID 1058.
2019-06-20T09:05:27+00:00 DEBUG > Row 2 - preparing for import.
2019-06-20T09:05:27+00:00 DEBUG > Inserting Chai Incense Burner
2019-06-20T09:05:27+00:00 DEBUG > Inserted - post ID is 1059.
2019-06-20T09:05:28+00:00 DEBUG > Finished importing post ID 1059.
2019-06-20T09:05:28+00:00 DEBUG > Row 3 - preparing for import.
2019-06-20T09:05:28+00:00 DEBUG > Inserting Zen Plate
2019-06-20T09:05:29+00:00 DEBUG > Inserted - post ID is 1060.
2019-06-20T09:05:30+00:00 DEBUG > Finished importing post ID 1060.
2019-06-20T09:05:30+00:00 DEBUG > Row 4 - preparing for import.
2019-06-20T09:05:30+00:00 DEBUG > Inserting Tea-light Candle Refills
2019-06-20T09:05:31+00:00 DEBUG > Inserted - post ID is 1061.
2019-06-20T09:05:32+00:00 DEBUG > Finished importing post ID 1061.
2019-06-20T09:05:32+00:00 DEBUG > Row 5 - preparing for import.
2019-06-20T09:05:32+00:00 DEBUG > Inserting Reed Sticks
2019-06-20T09:05:33+00:00 DEBUG > Inserted - post ID is 1062.
2019-06-20T09:05:34+00:00 DEBUG > Finished importing post ID 1062.
2019-06-20T09:05:34+00:00 DEBUG > Row 6 - preparing for import.
2019-06-20T09:05:34+00:00 DEBUG > Inserting Leather Tube Case
2019-06-20T09:05:35+00:00 DEBUG > Inserted - post ID is 1063.
2019-06-20T09:05:36+00:00 DEBUG > Finished importing post ID 1063.
2019-06-20T09:05:36+00:00 DEBUG > Row 7 - preparing for import.
2019-06-20T09:05:36+00:00 DEBUG > Inserting Leather Lighter Case
2019-06-20T09:05:36+00:00 DEBUG > Inserted - post ID is 1064.
2019-06-20T09:05:37+00:00 DEBUG > Finished importing post ID 1064.
2019-06-20T09:05:37+00:00 DEBUG > Row 8 - preparing for import.
2019-06-20T09:05:37+00:00 DEBUG > Inserting Handmade Fabric Bag
2019-06-20T09:05:38+00:00 DEBUG > Inserted - post ID is 1065.
2019-06-20T09:05:39+00:00 DEBUG > Finished importing post ID 1065.
2019-06-20T09:05:39+00:00 DEBUG Finished processing products.
