2019-06-04T07:06:58+00:00 CRITICAL Cannot redeclare wckc_list_taxonomy_archive() (previously declared in D:\xampp\htdocs\kmkm-wordpress\wp-content\themes\storefront\functions.php:288) in D:\xampp\htdocs\kmkm-wordpress\wp-content\themes\storefront\functions.php on line 373

2019-06-04T08:02:39+00:00 CRITICAL syntax error, unexpected '$count' (T_VARIABLE) in D:\xampp\htdocs\kmkm-wordpress\wp-content\themes\storefront\content-blog.php on line 17

2019-06-04T08:11:29+00:00 CRITICAL Cannot redeclare do_shortcode() (previously declared in D:\xampp\htdocs\kmkm-wordpress\wp-includes\shortcodes.php:176) in D:\xampp\htdocs\kmkm-wordpress\wp-content\themes\storefront\functions.php on line 314

2019-06-04T08:37:17+00:00 CRITICAL require_once(): Failed opening required 'lib/multiple-post-thumbnails/multi-post-thumbnails.php' (include_path='D:\xampp\php\PEAR') in D:\xampp\htdocs\kmkm-wordpress\wp-content\themes\storefront\functions.php on line 332

2019-06-04T08:37:20+00:00 CRITICAL require_once(): Failed opening required 'lib/multiple-post-thumbnails/multi-post-thumbnails.php' (include_path='D:\xampp\php\PEAR') in D:\xampp\htdocs\kmkm-wordpress\wp-content\themes\storefront\functions.php on line 332

2019-06-04T08:43:33+00:00 CRITICAL syntax error, unexpected 'public' (T_PUBLIC), expecting end of file in D:\xampp\htdocs\kmkm-wordpress\wp-content\themes\storefront\functions.php on line 332

2019-06-04T08:48:17+00:00 CRITICAL syntax error, unexpected 'public' (T_PUBLIC), expecting end of file in D:\xampp\htdocs\kmkm-wordpress\wp-content\themes\storefront\functions.php on line 332

2019-06-04T08:48:19+00:00 CRITICAL syntax error, unexpected 'public' (T_PUBLIC), expecting end of file in D:\xampp\htdocs\kmkm-wordpress\wp-content\themes\storefront\functions.php on line 332

2019-06-04T08:48:30+00:00 CRITICAL syntax error, unexpected 'public' (T_PUBLIC), expecting end of file in D:\xampp\htdocs\kmkm-wordpress\wp-content\themes\storefront\functions.php on line 331

2019-06-04T08:48:41+00:00 CRITICAL require_once(): Failed opening required '' (include_path='D:\xampp\php\PEAR') in D:\xampp\htdocs\kmkm-wordpress\wp-content\themes\storefront\functions.php on line 331

2019-06-04T08:48:43+00:00 CRITICAL require_once(): Failed opening required '' (include_path='D:\xampp\php\PEAR') in D:\xampp\htdocs\kmkm-wordpress\wp-content\themes\storefront\functions.php on line 331

2019-06-04T08:52:46+00:00 CRITICAL Uncaught Error: Class 'MultiPostThumsbnails' not found in D:\xampp\htdocs\kmkm-wordpress\wp-content\themes\storefront\functions.php:331
Stack trace:
#0 D:\xampp\htdocs\kmkm-wordpress\wp-settings.php(443): include()
#1 D:\xampp\htdocs\kmkm-wordpress\wp-config.php(91): require_once('D:\\xampp\\htdocs...')
#2 D:\xampp\htdocs\kmkm-wordpress\wp-load.php(37): require_once('D:\\xampp\\htdocs...')
#3 D:\xampp\htdocs\kmkm-wordpress\wp-admin\admin-ajax.php(22): require_once('D:\\xampp\\htdocs...')
#4 {main}
  thrown in D:\xampp\htdocs\kmkm-wordpress\wp-content\themes\storefront\functions.php on line 331

2019-06-04T08:52:47+00:00 CRITICAL Uncaught Error: Class 'MultiPostThumsbnails' not found in D:\xampp\htdocs\kmkm-wordpress\wp-content\themes\storefront\functions.php:331
Stack trace:
#0 D:\xampp\htdocs\kmkm-wordpress\wp-settings.php(443): include()
#1 D:\xampp\htdocs\kmkm-wordpress\wp-config.php(91): require_once('D:\\xampp\\htdocs...')
#2 D:\xampp\htdocs\kmkm-wordpress\wp-load.php(37): require_once('D:\\xampp\\htdocs...')
#3 D:\xampp\htdocs\kmkm-wordpress\wp-admin\admin.php(31): require_once('D:\\xampp\\htdocs...')
#4 D:\xampp\htdocs\kmkm-wordpress\wp-admin\post.php(12): require_once('D:\\xampp\\htdocs...')
#5 {main}
  thrown in D:\xampp\htdocs\kmkm-wordpress\wp-content\themes\storefront\functions.php on line 331

2019-06-04T08:54:51+00:00 CRITICAL Out of memory (allocated 33554432) (tried to allocate 32768 bytes) in D:\xampp\htdocs\kmkm-wordpress\wp-content\plugins\woocommerce\includes\api\v2\class-wc-rest-payment-gateways-v2-controller.php on line 398

2019-06-04T09:35:07+00:00 CRITICAL Uncaught Error: Call to undefined function get_excerpt() in D:\xampp\htdocs\kmkm-wordpress\wp-content\themes\storefront\content-blog.php:31
Stack trace:
#0 D:\xampp\htdocs\kmkm-wordpress\wp-includes\template.php(690): require()
#1 D:\xampp\htdocs\kmkm-wordpress\wp-includes\template.php(647): load_template('D:\\xampp\\htdocs...', false)
#2 D:\xampp\htdocs\kmkm-wordpress\wp-includes\general-template.php(155): locate_template(Array, true, false)
#3 D:\xampp\htdocs\kmkm-wordpress\wp-content\themes\storefront\PageWithoutSidebar.php(38): get_template_part('content-blog', 'page')
#4 D:\xampp\htdocs\kmkm-wordpress\wp-includes\template-loader.php(74): include('D:\\xampp\\htdocs...')
#5 D:\xampp\htdocs\kmkm-wordpress\wp-blog-header.php(19): require_once('D:\\xampp\\htdocs...')
#6 D:\xampp\htdocs\kmkm-wordpress\index.php(17): require('D:\\xampp\\htdocs...')
#7 {main}
  thrown in D:\xampp\htdocs\kmkm-wordpress\wp-content\themes\storefront\content-blog.php on line 31

