2019-06-12T04:40:05+00:00 CRITICAL syntax error, unexpected ')' in D:\xampp\htdocs\kmkm-wordpress\wp-content\themes\storefront\content-blog.php on line 55

2019-06-12T04:40:36+00:00 CRITICAL syntax error, unexpected '}', expecting ',' or ';' in D:\xampp\htdocs\kmkm-wordpress\wp-content\themes\storefront\content-blog.php on line 55

2019-06-12T04:40:46+00:00 CRITICAL syntax error, unexpected '}', expecting ',' or ';' in D:\xampp\htdocs\kmkm-wordpress\wp-content\themes\storefront\content-blog.php on line 54

2019-06-12T07:44:01+00:00 CRITICAL syntax error, unexpected '}' in D:\xampp\htdocs\kmkm-wordpress\wp-content\themes\storefront\single.php on line 55

2019-06-12T07:44:12+00:00 CRITICAL syntax error, unexpected '}' in D:\xampp\htdocs\kmkm-wordpress\wp-content\themes\storefront\single.php on line 55

2019-06-12T07:45:04+00:00 CRITICAL syntax error, unexpected '}' in D:\xampp\htdocs\kmkm-wordpress\wp-content\themes\storefront\single.php on line 55

2019-06-12T07:45:05+00:00 CRITICAL syntax error, unexpected '}' in D:\xampp\htdocs\kmkm-wordpress\wp-content\themes\storefront\single.php on line 55

2019-06-12T07:45:22+00:00 CRITICAL syntax error, unexpected '}' in D:\xampp\htdocs\kmkm-wordpress\wp-content\themes\storefront\single.php on line 55

2019-06-12T07:45:29+00:00 CRITICAL syntax error, unexpected '}' in D:\xampp\htdocs\kmkm-wordpress\wp-content\themes\storefront\single.php on line 55

2019-06-12T07:45:56+00:00 CRITICAL syntax error, unexpected '}' in D:\xampp\htdocs\kmkm-wordpress\wp-content\themes\storefront\single.php on line 55

2019-06-12T07:47:08+00:00 CRITICAL syntax error, unexpected end of file in D:\xampp\htdocs\kmkm-wordpress\wp-content\themes\storefront\single.php on line 73

2019-06-12T07:48:58+00:00 CRITICAL Uncaught Error: Call to undefined function isempty() in D:\xampp\htdocs\kmkm-wordpress\wp-content\themes\storefront\single.php:51
Stack trace:
#0 D:\xampp\htdocs\kmkm-wordpress\wp-includes\template-loader.php(74): include()
#1 D:\xampp\htdocs\kmkm-wordpress\wp-blog-header.php(19): require_once('D:\\xampp\\htdocs...')
#2 D:\xampp\htdocs\kmkm-wordpress\index.php(17): require('D:\\xampp\\htdocs...')
#3 {main}
  thrown in D:\xampp\htdocs\kmkm-wordpress\wp-content\themes\storefront\single.php on line 51

2019-06-12T07:48:59+00:00 CRITICAL Uncaught Error: Call to undefined function isempty() in D:\xampp\htdocs\kmkm-wordpress\wp-content\themes\storefront\single.php:51
Stack trace:
#0 D:\xampp\htdocs\kmkm-wordpress\wp-includes\template-loader.php(74): include()
#1 D:\xampp\htdocs\kmkm-wordpress\wp-blog-header.php(19): require_once('D:\\xampp\\htdocs...')
#2 D:\xampp\htdocs\kmkm-wordpress\index.php(17): require('D:\\xampp\\htdocs...')
#3 {main}
  thrown in D:\xampp\htdocs\kmkm-wordpress\wp-content\themes\storefront\single.php on line 51

2019-06-12T07:49:11+00:00 CRITICAL Uncaught Error: Call to undefined function isEmpty() in D:\xampp\htdocs\kmkm-wordpress\wp-content\themes\storefront\single.php:51
Stack trace:
#0 D:\xampp\htdocs\kmkm-wordpress\wp-includes\template-loader.php(74): include()
#1 D:\xampp\htdocs\kmkm-wordpress\wp-blog-header.php(19): require_once('D:\\xampp\\htdocs...')
#2 D:\xampp\htdocs\kmkm-wordpress\index.php(17): require('D:\\xampp\\htdocs...')
#3 {main}
  thrown in D:\xampp\htdocs\kmkm-wordpress\wp-content\themes\storefront\single.php on line 51

2019-06-12T07:49:12+00:00 CRITICAL Uncaught Error: Call to undefined function isEmpty() in D:\xampp\htdocs\kmkm-wordpress\wp-content\themes\storefront\single.php:51
Stack trace:
#0 D:\xampp\htdocs\kmkm-wordpress\wp-includes\template-loader.php(74): include()
#1 D:\xampp\htdocs\kmkm-wordpress\wp-blog-header.php(19): require_once('D:\\xampp\\htdocs...')
#2 D:\xampp\htdocs\kmkm-wordpress\index.php(17): require('D:\\xampp\\htdocs...')
#3 {main}
  thrown in D:\xampp\htdocs\kmkm-wordpress\wp-content\themes\storefront\single.php on line 51

2019-06-12T07:52:50+00:00 CRITICAL syntax error, unexpected end of file in D:\xampp\htdocs\kmkm-wordpress\wp-content\themes\storefront\single.php on line 84

2019-06-12T07:53:04+00:00 CRITICAL syntax error, unexpected end of file in D:\xampp\htdocs\kmkm-wordpress\wp-content\themes\storefront\single.php on line 84

2019-06-12T07:53:28+00:00 CRITICAL syntax error, unexpected end of file in D:\xampp\htdocs\kmkm-wordpress\wp-content\themes\storefront\single.php on line 87

2019-06-12T07:53:39+00:00 CRITICAL syntax error, unexpected end of file in D:\xampp\htdocs\kmkm-wordpress\wp-content\themes\storefront\single.php on line 57

2019-06-12T07:55:46+00:00 CRITICAL syntax error, unexpected end of file in D:\xampp\htdocs\kmkm-wordpress\wp-content\themes\storefront\single.php on line 83

2019-06-12T08:08:35+00:00 CRITICAL syntax error, unexpected 'endif' (T_ENDIF), expecting end of file in D:\xampp\htdocs\kmkm-wordpress\wp-content\themes\storefront\single.php on line 68

2019-06-12T08:08:53+00:00 CRITICAL syntax error, unexpected 'endif' (T_ENDIF), expecting end of file in D:\xampp\htdocs\kmkm-wordpress\wp-content\themes\storefront\single.php on line 68

2019-06-12T08:08:55+00:00 CRITICAL syntax error, unexpected 'endif' (T_ENDIF), expecting end of file in D:\xampp\htdocs\kmkm-wordpress\wp-content\themes\storefront\single.php on line 68

2019-06-12T08:09:07+00:00 CRITICAL syntax error, unexpected '}', expecting end of file in D:\xampp\htdocs\kmkm-wordpress\wp-content\themes\storefront\single.php on line 68

2019-06-12T08:10:23+00:00 CRITICAL syntax error, unexpected 'endif' (T_ENDIF), expecting end of file in D:\xampp\htdocs\kmkm-wordpress\wp-content\themes\storefront\single.php on line 72

2019-06-12T08:14:38+00:00 CRITICAL Uncaught Error: Call to a member function get_review_count() on null in D:\xampp\htdocs\kmkm-wordpress\wp-content\plugins\woocommerce\includes\wc-template-functions.php:1757
Stack trace:
#0 D:\xampp\htdocs\kmkm-wordpress\wp-includes\class-wp-hook.php(286): woocommerce_default_product_tabs(Array)
#1 D:\xampp\htdocs\kmkm-wordpress\wp-includes\plugin.php(203): WP_Hook->apply_filters(Array, Array)
#2 D:\xampp\htdocs\kmkm-wordpress\wp-content\plugins\woocommerce\templates\single-product\tabs\tabs.php(28): apply_filters('woocommerce_pro...', Array)
#3 D:\xampp\htdocs\kmkm-wordpress\wp-content\plugins\woocommerce\includes\wc-core-functions.php(249): include('D:\\xampp\\htdocs...')
#4 D:\xampp\htdocs\kmkm-wordpress\wp-content\plugins\woocommerce\includes\wc-template-functions.php(1497): wc_get_template('single-product/...')
#5 D:\xampp\htdocs\kmkm-wordpress\wp-includes\class-wp-hook.php(286): woocommerce_output_product_data_tabs('')
#6 D:\xampp\htdocs\kmkm-wordpress\wp-includes\class-wp-hook.php(310): WP_Hook->apply_ in D:\xampp\htdocs\kmkm-wordpress\wp-content\plugins\woocommerce\includes\wc-template-functions.php on line 1757

2019-06-12T08:14:39+00:00 CRITICAL Uncaught Error: Call to a member function get_review_count() on null in D:\xampp\htdocs\kmkm-wordpress\wp-content\plugins\woocommerce\includes\wc-template-functions.php:1757
Stack trace:
#0 D:\xampp\htdocs\kmkm-wordpress\wp-includes\class-wp-hook.php(286): woocommerce_default_product_tabs(Array)
#1 D:\xampp\htdocs\kmkm-wordpress\wp-includes\plugin.php(203): WP_Hook->apply_filters(Array, Array)
#2 D:\xampp\htdocs\kmkm-wordpress\wp-content\plugins\woocommerce\templates\single-product\tabs\tabs.php(28): apply_filters('woocommerce_pro...', Array)
#3 D:\xampp\htdocs\kmkm-wordpress\wp-content\plugins\woocommerce\includes\wc-core-functions.php(249): include('D:\\xampp\\htdocs...')
#4 D:\xampp\htdocs\kmkm-wordpress\wp-content\plugins\woocommerce\includes\wc-template-functions.php(1497): wc_get_template('single-product/...')
#5 D:\xampp\htdocs\kmkm-wordpress\wp-includes\class-wp-hook.php(286): woocommerce_output_product_data_tabs('')
#6 D:\xampp\htdocs\kmkm-wordpress\wp-includes\class-wp-hook.php(310): WP_Hook->apply_ in D:\xampp\htdocs\kmkm-wordpress\wp-content\plugins\woocommerce\includes\wc-template-functions.php on line 1757

2019-06-12T08:15:00+00:00 CRITICAL Uncaught Error: Call to a member function get_review_count() on null in D:\xampp\htdocs\kmkm-wordpress\wp-content\plugins\woocommerce\includes\wc-template-functions.php:1757
Stack trace:
#0 D:\xampp\htdocs\kmkm-wordpress\wp-includes\class-wp-hook.php(286): woocommerce_default_product_tabs(Array)
#1 D:\xampp\htdocs\kmkm-wordpress\wp-includes\plugin.php(203): WP_Hook->apply_filters(Array, Array)
#2 D:\xampp\htdocs\kmkm-wordpress\wp-content\plugins\woocommerce\templates\single-product\tabs\tabs.php(28): apply_filters('woocommerce_pro...', Array)
#3 D:\xampp\htdocs\kmkm-wordpress\wp-content\plugins\woocommerce\includes\wc-core-functions.php(249): include('D:\\xampp\\htdocs...')
#4 D:\xampp\htdocs\kmkm-wordpress\wp-content\plugins\woocommerce\includes\wc-template-functions.php(1497): wc_get_template('single-product/...')
#5 D:\xampp\htdocs\kmkm-wordpress\wp-includes\class-wp-hook.php(286): woocommerce_output_product_data_tabs('')
#6 D:\xampp\htdocs\kmkm-wordpress\wp-includes\class-wp-hook.php(310): WP_Hook->apply_ in D:\xampp\htdocs\kmkm-wordpress\wp-content\plugins\woocommerce\includes\wc-template-functions.php on line 1757

2019-06-12T08:15:01+00:00 CRITICAL Uncaught Error: Call to a member function get_review_count() on null in D:\xampp\htdocs\kmkm-wordpress\wp-content\plugins\woocommerce\includes\wc-template-functions.php:1757
Stack trace:
#0 D:\xampp\htdocs\kmkm-wordpress\wp-includes\class-wp-hook.php(286): woocommerce_default_product_tabs(Array)
#1 D:\xampp\htdocs\kmkm-wordpress\wp-includes\plugin.php(203): WP_Hook->apply_filters(Array, Array)
#2 D:\xampp\htdocs\kmkm-wordpress\wp-content\plugins\woocommerce\templates\single-product\tabs\tabs.php(28): apply_filters('woocommerce_pro...', Array)
#3 D:\xampp\htdocs\kmkm-wordpress\wp-content\plugins\woocommerce\includes\wc-core-functions.php(249): include('D:\\xampp\\htdocs...')
#4 D:\xampp\htdocs\kmkm-wordpress\wp-content\plugins\woocommerce\includes\wc-template-functions.php(1497): wc_get_template('single-product/...')
#5 D:\xampp\htdocs\kmkm-wordpress\wp-includes\class-wp-hook.php(286): woocommerce_output_product_data_tabs('')
#6 D:\xampp\htdocs\kmkm-wordpress\wp-includes\class-wp-hook.php(310): WP_Hook->apply_ in D:\xampp\htdocs\kmkm-wordpress\wp-content\plugins\woocommerce\includes\wc-template-functions.php on line 1757

2019-06-12T08:15:02+00:00 CRITICAL Uncaught Error: Call to a member function get_review_count() on null in D:\xampp\htdocs\kmkm-wordpress\wp-content\plugins\woocommerce\includes\wc-template-functions.php:1757
Stack trace:
#0 D:\xampp\htdocs\kmkm-wordpress\wp-includes\class-wp-hook.php(286): woocommerce_default_product_tabs(Array)
#1 D:\xampp\htdocs\kmkm-wordpress\wp-includes\plugin.php(203): WP_Hook->apply_filters(Array, Array)
#2 D:\xampp\htdocs\kmkm-wordpress\wp-content\plugins\woocommerce\templates\single-product\tabs\tabs.php(28): apply_filters('woocommerce_pro...', Array)
#3 D:\xampp\htdocs\kmkm-wordpress\wp-content\plugins\woocommerce\includes\wc-core-functions.php(249): include('D:\\xampp\\htdocs...')
#4 D:\xampp\htdocs\kmkm-wordpress\wp-content\plugins\woocommerce\includes\wc-template-functions.php(1497): wc_get_template('single-product/...')
#5 D:\xampp\htdocs\kmkm-wordpress\wp-includes\class-wp-hook.php(286): woocommerce_output_product_data_tabs('')
#6 D:\xampp\htdocs\kmkm-wordpress\wp-includes\class-wp-hook.php(310): WP_Hook->apply_ in D:\xampp\htdocs\kmkm-wordpress\wp-content\plugins\woocommerce\includes\wc-template-functions.php on line 1757

2019-06-12T08:15:03+00:00 CRITICAL Uncaught Error: Call to a member function get_review_count() on null in D:\xampp\htdocs\kmkm-wordpress\wp-content\plugins\woocommerce\includes\wc-template-functions.php:1757
Stack trace:
#0 D:\xampp\htdocs\kmkm-wordpress\wp-includes\class-wp-hook.php(286): woocommerce_default_product_tabs(Array)
#1 D:\xampp\htdocs\kmkm-wordpress\wp-includes\plugin.php(203): WP_Hook->apply_filters(Array, Array)
#2 D:\xampp\htdocs\kmkm-wordpress\wp-content\plugins\woocommerce\templates\single-product\tabs\tabs.php(28): apply_filters('woocommerce_pro...', Array)
#3 D:\xampp\htdocs\kmkm-wordpress\wp-content\plugins\woocommerce\includes\wc-core-functions.php(249): include('D:\\xampp\\htdocs...')
#4 D:\xampp\htdocs\kmkm-wordpress\wp-content\plugins\woocommerce\includes\wc-template-functions.php(1497): wc_get_template('single-product/...')
#5 D:\xampp\htdocs\kmkm-wordpress\wp-includes\class-wp-hook.php(286): woocommerce_output_product_data_tabs('')
#6 D:\xampp\htdocs\kmkm-wordpress\wp-includes\class-wp-hook.php(310): WP_Hook->apply_ in D:\xampp\htdocs\kmkm-wordpress\wp-content\plugins\woocommerce\includes\wc-template-functions.php on line 1757

2019-06-12T08:17:02+00:00 CRITICAL syntax error, unexpected end of file in D:\xampp\htdocs\kmkm-wordpress\wp-content\themes\storefront\single.php on line 83

2019-06-12T08:21:01+00:00 CRITICAL Uncaught Error: Call to a member function is_on_sale() on null in D:\xampp\htdocs\kmkm-wordpress\wp-content\plugins\woocommerce\templates\single-product\sale-flash.php:25
Stack trace:
#0 D:\xampp\htdocs\kmkm-wordpress\wp-content\plugins\woocommerce\includes\wc-core-functions.php(249): include()
#1 D:\xampp\htdocs\kmkm-wordpress\wp-content\plugins\woocommerce\includes\wc-template-functions.php(1562): wc_get_template('single-product/...')
#2 D:\xampp\htdocs\kmkm-wordpress\wp-includes\class-wp-hook.php(286): woocommerce_show_product_sale_flash('')
#3 D:\xampp\htdocs\kmkm-wordpress\wp-includes\class-wp-hook.php(310): WP_Hook->apply_filters('', Array)
#4 D:\xampp\htdocs\kmkm-wordpress\wp-includes\plugin.php(453): WP_Hook->do_action(Array)
#5 D:\xampp\htdocs\kmkm-wordpress\wp-content\themes\storefront\single.php(43): do_action('woocommerce_bef...')
#6 D:\xampp\htdocs\kmkm-wordpress\wp-includes\template-loader.php(74): include('D:\\xampp\\htdocs...')
#7 D:\xampp\htdocs\kmkm-wordpress\wp-blog-header.php(19): require_ in D:\xampp\htdocs\kmkm-wordpress\wp-content\plugins\woocommerce\templates\single-product\sale-flash.php on line 25

2019-06-12T08:21:34+00:00 CRITICAL Uncaught Error: Call to a member function is_on_sale() on null in D:\xampp\htdocs\kmkm-wordpress\wp-content\plugins\woocommerce\templates\single-product\sale-flash.php:25
Stack trace:
#0 D:\xampp\htdocs\kmkm-wordpress\wp-content\plugins\woocommerce\includes\wc-core-functions.php(249): include()
#1 D:\xampp\htdocs\kmkm-wordpress\wp-content\plugins\woocommerce\includes\wc-template-functions.php(1562): wc_get_template('single-product/...')
#2 D:\xampp\htdocs\kmkm-wordpress\wp-includes\class-wp-hook.php(286): woocommerce_show_product_sale_flash('')
#3 D:\xampp\htdocs\kmkm-wordpress\wp-includes\class-wp-hook.php(310): WP_Hook->apply_filters('', Array)
#4 D:\xampp\htdocs\kmkm-wordpress\wp-includes\plugin.php(453): WP_Hook->do_action(Array)
#5 D:\xampp\htdocs\kmkm-wordpress\wp-content\themes\storefront\single.php(57): do_action('woocommerce_bef...')
#6 D:\xampp\htdocs\kmkm-wordpress\wp-includes\template-loader.php(74): include('D:\\xampp\\htdocs...')
#7 D:\xampp\htdocs\kmkm-wordpress\wp-blog-header.php(19): require_ in D:\xampp\htdocs\kmkm-wordpress\wp-content\plugins\woocommerce\templates\single-product\sale-flash.php on line 25

2019-06-12T08:21:35+00:00 CRITICAL Uncaught Error: Call to a member function is_on_sale() on null in D:\xampp\htdocs\kmkm-wordpress\wp-content\plugins\woocommerce\templates\single-product\sale-flash.php:25
Stack trace:
#0 D:\xampp\htdocs\kmkm-wordpress\wp-content\plugins\woocommerce\includes\wc-core-functions.php(249): include()
#1 D:\xampp\htdocs\kmkm-wordpress\wp-content\plugins\woocommerce\includes\wc-template-functions.php(1562): wc_get_template('single-product/...')
#2 D:\xampp\htdocs\kmkm-wordpress\wp-includes\class-wp-hook.php(286): woocommerce_show_product_sale_flash('')
#3 D:\xampp\htdocs\kmkm-wordpress\wp-includes\class-wp-hook.php(310): WP_Hook->apply_filters('', Array)
#4 D:\xampp\htdocs\kmkm-wordpress\wp-includes\plugin.php(453): WP_Hook->do_action(Array)
#5 D:\xampp\htdocs\kmkm-wordpress\wp-content\themes\storefront\single.php(57): do_action('woocommerce_bef...')
#6 D:\xampp\htdocs\kmkm-wordpress\wp-includes\template-loader.php(74): include('D:\\xampp\\htdocs...')
#7 D:\xampp\htdocs\kmkm-wordpress\wp-blog-header.php(19): require_ in D:\xampp\htdocs\kmkm-wordpress\wp-content\plugins\woocommerce\templates\single-product\sale-flash.php on line 25

2019-06-12T08:21:54+00:00 CRITICAL Uncaught Error: Call to a member function is_on_sale() on null in D:\xampp\htdocs\kmkm-wordpress\wp-content\plugins\woocommerce\templates\single-product\sale-flash.php:25
Stack trace:
#0 D:\xampp\htdocs\kmkm-wordpress\wp-content\plugins\woocommerce\includes\wc-core-functions.php(249): include()
#1 D:\xampp\htdocs\kmkm-wordpress\wp-content\plugins\woocommerce\includes\wc-template-functions.php(1562): wc_get_template('single-product/...')
#2 D:\xampp\htdocs\kmkm-wordpress\wp-includes\class-wp-hook.php(286): woocommerce_show_product_sale_flash('')
#3 D:\xampp\htdocs\kmkm-wordpress\wp-includes\class-wp-hook.php(310): WP_Hook->apply_filters('', Array)
#4 D:\xampp\htdocs\kmkm-wordpress\wp-includes\plugin.php(453): WP_Hook->do_action(Array)
#5 D:\xampp\htdocs\kmkm-wordpress\wp-content\themes\storefront\single.php(57): do_action('woocommerce_bef...')
#6 D:\xampp\htdocs\kmkm-wordpress\wp-includes\template-loader.php(74): include('D:\\xampp\\htdocs...')
#7 D:\xampp\htdocs\kmkm-wordpress\wp-blog-header.php(19): require_ in D:\xampp\htdocs\kmkm-wordpress\wp-content\plugins\woocommerce\templates\single-product\sale-flash.php on line 25

2019-06-12T08:21:55+00:00 CRITICAL Uncaught Error: Call to a member function is_on_sale() on null in D:\xampp\htdocs\kmkm-wordpress\wp-content\plugins\woocommerce\templates\single-product\sale-flash.php:25
Stack trace:
#0 D:\xampp\htdocs\kmkm-wordpress\wp-content\plugins\woocommerce\includes\wc-core-functions.php(249): include()
#1 D:\xampp\htdocs\kmkm-wordpress\wp-content\plugins\woocommerce\includes\wc-template-functions.php(1562): wc_get_template('single-product/...')
#2 D:\xampp\htdocs\kmkm-wordpress\wp-includes\class-wp-hook.php(286): woocommerce_show_product_sale_flash('')
#3 D:\xampp\htdocs\kmkm-wordpress\wp-includes\class-wp-hook.php(310): WP_Hook->apply_filters('', Array)
#4 D:\xampp\htdocs\kmkm-wordpress\wp-includes\plugin.php(453): WP_Hook->do_action(Array)
#5 D:\xampp\htdocs\kmkm-wordpress\wp-content\themes\storefront\single.php(57): do_action('woocommerce_bef...')
#6 D:\xampp\htdocs\kmkm-wordpress\wp-includes\template-loader.php(74): include('D:\\xampp\\htdocs...')
#7 D:\xampp\htdocs\kmkm-wordpress\wp-blog-header.php(19): require_ in D:\xampp\htdocs\kmkm-wordpress\wp-content\plugins\woocommerce\templates\single-product\sale-flash.php on line 25

2019-06-12T08:22:39+00:00 CRITICAL Uncaught Error: Call to a member function get_review_count() on null in D:\xampp\htdocs\kmkm-wordpress\wp-content\plugins\woocommerce\includes\wc-template-functions.php:1757
Stack trace:
#0 D:\xampp\htdocs\kmkm-wordpress\wp-includes\class-wp-hook.php(286): woocommerce_default_product_tabs(Array)
#1 D:\xampp\htdocs\kmkm-wordpress\wp-includes\plugin.php(203): WP_Hook->apply_filters(Array, Array)
#2 D:\xampp\htdocs\kmkm-wordpress\wp-content\plugins\woocommerce\templates\single-product\tabs\tabs.php(28): apply_filters('woocommerce_pro...', Array)
#3 D:\xampp\htdocs\kmkm-wordpress\wp-content\plugins\woocommerce\includes\wc-core-functions.php(249): include('D:\\xampp\\htdocs...')
#4 D:\xampp\htdocs\kmkm-wordpress\wp-content\plugins\woocommerce\includes\wc-template-functions.php(1497): wc_get_template('single-product/...')
#5 D:\xampp\htdocs\kmkm-wordpress\wp-includes\class-wp-hook.php(286): woocommerce_output_product_data_tabs('')
#6 D:\xampp\htdocs\kmkm-wordpress\wp-includes\class-wp-hook.php(310): WP_Hook->apply_ in D:\xampp\htdocs\kmkm-wordpress\wp-content\plugins\woocommerce\includes\wc-template-functions.php on line 1757

2019-06-12T08:22:40+00:00 CRITICAL Uncaught Error: Call to a member function get_review_count() on null in D:\xampp\htdocs\kmkm-wordpress\wp-content\plugins\woocommerce\includes\wc-template-functions.php:1757
Stack trace:
#0 D:\xampp\htdocs\kmkm-wordpress\wp-includes\class-wp-hook.php(286): woocommerce_default_product_tabs(Array)
#1 D:\xampp\htdocs\kmkm-wordpress\wp-includes\plugin.php(203): WP_Hook->apply_filters(Array, Array)
#2 D:\xampp\htdocs\kmkm-wordpress\wp-content\plugins\woocommerce\templates\single-product\tabs\tabs.php(28): apply_filters('woocommerce_pro...', Array)
#3 D:\xampp\htdocs\kmkm-wordpress\wp-content\plugins\woocommerce\includes\wc-core-functions.php(249): include('D:\\xampp\\htdocs...')
#4 D:\xampp\htdocs\kmkm-wordpress\wp-content\plugins\woocommerce\includes\wc-template-functions.php(1497): wc_get_template('single-product/...')
#5 D:\xampp\htdocs\kmkm-wordpress\wp-includes\class-wp-hook.php(286): woocommerce_output_product_data_tabs('')
#6 D:\xampp\htdocs\kmkm-wordpress\wp-includes\class-wp-hook.php(310): WP_Hook->apply_ in D:\xampp\htdocs\kmkm-wordpress\wp-content\plugins\woocommerce\includes\wc-template-functions.php on line 1757

2019-06-12T08:25:41+00:00 CRITICAL Object of class WP_Query could not be converted to string in D:\xampp\htdocs\kmkm-wordpress\wp-content\themes\storefront\single.php on line 54

2019-06-12T08:25:42+00:00 CRITICAL Object of class WP_Query could not be converted to string in D:\xampp\htdocs\kmkm-wordpress\wp-content\themes\storefront\single.php on line 54

