2019-07-02T04:27:34+00:00 CRITICAL syntax error, unexpected ';', expecting ',' or ')' in D:\xampp\htdocs\kmkm-wordpress\wp-content\plugins\variation-swatches-for-woocommerce\includes\class-frontend.php on line 153

2019-07-02T04:27:35+00:00 CRITICAL syntax error, unexpected ';', expecting ',' or ')' in D:\xampp\htdocs\kmkm-wordpress\wp-content\plugins\variation-swatches-for-woocommerce\includes\class-frontend.php on line 153

2019-07-02T04:27:36+00:00 CRITICAL syntax error, unexpected ';', expecting ',' or ')' in D:\xampp\htdocs\kmkm-wordpress\wp-content\plugins\variation-swatches-for-woocommerce\includes\class-frontend.php on line 153

2019-07-02T04:27:37+00:00 CRITICAL syntax error, unexpected ';', expecting ',' or ')' in D:\xampp\htdocs\kmkm-wordpress\wp-content\plugins\variation-swatches-for-woocommerce\includes\class-frontend.php on line 153

2019-07-02T04:27:38+00:00 CRITICAL syntax error, unexpected ';', expecting ',' or ')' in D:\xampp\htdocs\kmkm-wordpress\wp-content\plugins\variation-swatches-for-woocommerce\includes\class-frontend.php on line 153

2019-07-02T04:27:39+00:00 CRITICAL syntax error, unexpected ';', expecting ',' or ')' in D:\xampp\htdocs\kmkm-wordpress\wp-content\plugins\variation-swatches-for-woocommerce\includes\class-frontend.php on line 153

2019-07-02T04:27:39+00:00 CRITICAL syntax error, unexpected ';', expecting ',' or ')' in D:\xampp\htdocs\kmkm-wordpress\wp-content\plugins\variation-swatches-for-woocommerce\includes\class-frontend.php on line 153

2019-07-02T04:27:40+00:00 CRITICAL syntax error, unexpected ';', expecting ',' or ')' in D:\xampp\htdocs\kmkm-wordpress\wp-content\plugins\variation-swatches-for-woocommerce\includes\class-frontend.php on line 153

2019-07-02T04:27:41+00:00 CRITICAL syntax error, unexpected ';', expecting ',' or ')' in D:\xampp\htdocs\kmkm-wordpress\wp-content\plugins\variation-swatches-for-woocommerce\includes\class-frontend.php on line 153

2019-07-02T04:27:42+00:00 CRITICAL syntax error, unexpected ';', expecting ',' or ')' in D:\xampp\htdocs\kmkm-wordpress\wp-content\plugins\variation-swatches-for-woocommerce\includes\class-frontend.php on line 153

2019-07-02T04:27:43+00:00 CRITICAL syntax error, unexpected ';', expecting ',' or ')' in D:\xampp\htdocs\kmkm-wordpress\wp-content\plugins\variation-swatches-for-woocommerce\includes\class-frontend.php on line 153

2019-07-02T04:27:44+00:00 CRITICAL syntax error, unexpected '$prices' (T_VARIABLE), expecting ',' or ')' in D:\xampp\htdocs\kmkm-wordpress\wp-content\plugins\variation-swatches-for-woocommerce\includes\class-frontend.php on line 153

2019-07-02T04:27:44+00:00 CRITICAL syntax error, unexpected '$prices' (T_VARIABLE), expecting ',' or ')' in D:\xampp\htdocs\kmkm-wordpress\wp-content\plugins\variation-swatches-for-woocommerce\includes\class-frontend.php on line 153

2019-07-02T04:27:45+00:00 CRITICAL syntax error, unexpected '$prices' (T_VARIABLE), expecting ',' or ')' in D:\xampp\htdocs\kmkm-wordpress\wp-content\plugins\variation-swatches-for-woocommerce\includes\class-frontend.php on line 153

2019-07-02T04:27:46+00:00 CRITICAL syntax error, unexpected '$prices' (T_VARIABLE), expecting ',' or ')' in D:\xampp\htdocs\kmkm-wordpress\wp-content\plugins\variation-swatches-for-woocommerce\includes\class-frontend.php on line 153

2019-07-02T04:27:47+00:00 CRITICAL syntax error, unexpected '$prices' (T_VARIABLE), expecting ',' or ')' in D:\xampp\htdocs\kmkm-wordpress\wp-content\plugins\variation-swatches-for-woocommerce\includes\class-frontend.php on line 153

2019-07-02T04:27:48+00:00 CRITICAL syntax error, unexpected '$prices' (T_VARIABLE), expecting ',' or ')' in D:\xampp\htdocs\kmkm-wordpress\wp-content\plugins\variation-swatches-for-woocommerce\includes\class-frontend.php on line 153

2019-07-02T04:27:49+00:00 CRITICAL syntax error, unexpected '$prices' (T_VARIABLE), expecting ',' or ')' in D:\xampp\htdocs\kmkm-wordpress\wp-content\plugins\variation-swatches-for-woocommerce\includes\class-frontend.php on line 153

2019-07-02T04:27:50+00:00 CRITICAL syntax error, unexpected '$prices' (T_VARIABLE), expecting ',' or ')' in D:\xampp\htdocs\kmkm-wordpress\wp-content\plugins\variation-swatches-for-woocommerce\includes\class-frontend.php on line 153

2019-07-02T04:27:51+00:00 CRITICAL syntax error, unexpected '$prices' (T_VARIABLE), expecting ',' or ')' in D:\xampp\htdocs\kmkm-wordpress\wp-content\plugins\variation-swatches-for-woocommerce\includes\class-frontend.php on line 153

2019-07-02T04:27:52+00:00 CRITICAL syntax error, unexpected '$prices' (T_VARIABLE), expecting ',' or ')' in D:\xampp\htdocs\kmkm-wordpress\wp-content\plugins\variation-swatches-for-woocommerce\includes\class-frontend.php on line 153

2019-07-02T04:27:53+00:00 CRITICAL syntax error, unexpected '$prices' (T_VARIABLE), expecting ',' or ')' in D:\xampp\htdocs\kmkm-wordpress\wp-content\plugins\variation-swatches-for-woocommerce\includes\class-frontend.php on line 153

2019-07-02T04:27:54+00:00 CRITICAL syntax error, unexpected '$prices' (T_VARIABLE), expecting ',' or ')' in D:\xampp\htdocs\kmkm-wordpress\wp-content\plugins\variation-swatches-for-woocommerce\includes\class-frontend.php on line 153

2019-07-02T04:27:55+00:00 CRITICAL syntax error, unexpected '$prices' (T_VARIABLE), expecting ',' or ')' in D:\xampp\htdocs\kmkm-wordpress\wp-content\plugins\variation-swatches-for-woocommerce\includes\class-frontend.php on line 153

2019-07-02T04:27:56+00:00 CRITICAL syntax error, unexpected '$prices' (T_VARIABLE), expecting ',' or ')' in D:\xampp\htdocs\kmkm-wordpress\wp-content\plugins\variation-swatches-for-woocommerce\includes\class-frontend.php on line 153

2019-07-02T04:27:57+00:00 CRITICAL syntax error, unexpected '$prices' (T_VARIABLE), expecting ',' or ')' in D:\xampp\htdocs\kmkm-wordpress\wp-content\plugins\variation-swatches-for-woocommerce\includes\class-frontend.php on line 153

2019-07-02T04:27:58+00:00 CRITICAL syntax error, unexpected '$prices' (T_VARIABLE), expecting ',' or ')' in D:\xampp\htdocs\kmkm-wordpress\wp-content\plugins\variation-swatches-for-woocommerce\includes\class-frontend.php on line 153

2019-07-02T04:27:59+00:00 CRITICAL syntax error, unexpected '$prices' (T_VARIABLE), expecting ',' or ')' in D:\xampp\htdocs\kmkm-wordpress\wp-content\plugins\variation-swatches-for-woocommerce\includes\class-frontend.php on line 153

2019-07-02T04:28:00+00:00 CRITICAL syntax error, unexpected '$prices' (T_VARIABLE), expecting ',' or ')' in D:\xampp\htdocs\kmkm-wordpress\wp-content\plugins\variation-swatches-for-woocommerce\includes\class-frontend.php on line 153

2019-07-02T04:28:01+00:00 CRITICAL syntax error, unexpected '$prices' (T_VARIABLE), expecting ',' or ')' in D:\xampp\htdocs\kmkm-wordpress\wp-content\plugins\variation-swatches-for-woocommerce\includes\class-frontend.php on line 153

2019-07-02T04:28:02+00:00 CRITICAL syntax error, unexpected '$prices' (T_VARIABLE), expecting ',' or ')' in D:\xampp\htdocs\kmkm-wordpress\wp-content\plugins\variation-swatches-for-woocommerce\includes\class-frontend.php on line 153

2019-07-02T04:28:23+00:00 CRITICAL syntax error, unexpected '.' in D:\xampp\htdocs\kmkm-wordpress\wp-content\plugins\variation-swatches-for-woocommerce\includes\class-frontend.php on line 153

2019-07-02T04:28:24+00:00 CRITICAL syntax error, unexpected '.' in D:\xampp\htdocs\kmkm-wordpress\wp-content\plugins\variation-swatches-for-woocommerce\includes\class-frontend.php on line 153

2019-07-02T04:28:24+00:00 CRITICAL syntax error, unexpected '.' in D:\xampp\htdocs\kmkm-wordpress\wp-content\plugins\variation-swatches-for-woocommerce\includes\class-frontend.php on line 153

2019-07-02T04:28:25+00:00 CRITICAL syntax error, unexpected '.' in D:\xampp\htdocs\kmkm-wordpress\wp-content\plugins\variation-swatches-for-woocommerce\includes\class-frontend.php on line 153

2019-07-02T04:28:26+00:00 CRITICAL syntax error, unexpected '.' in D:\xampp\htdocs\kmkm-wordpress\wp-content\plugins\variation-swatches-for-woocommerce\includes\class-frontend.php on line 153

2019-07-02T04:28:27+00:00 CRITICAL syntax error, unexpected '.' in D:\xampp\htdocs\kmkm-wordpress\wp-content\plugins\variation-swatches-for-woocommerce\includes\class-frontend.php on line 153

2019-07-02T04:28:28+00:00 CRITICAL syntax error, unexpected '.' in D:\xampp\htdocs\kmkm-wordpress\wp-content\plugins\variation-swatches-for-woocommerce\includes\class-frontend.php on line 153

2019-07-02T04:28:29+00:00 CRITICAL syntax error, unexpected '.' in D:\xampp\htdocs\kmkm-wordpress\wp-content\plugins\variation-swatches-for-woocommerce\includes\class-frontend.php on line 153

2019-07-02T04:31:58+00:00 CRITICAL syntax error, unexpected ',', expecting ';' in D:\xampp\htdocs\kmkm-wordpress\wp-content\themes\storefront\functions.php on line 49

2019-07-02T04:31:59+00:00 CRITICAL syntax error, unexpected ',', expecting ';' in D:\xampp\htdocs\kmkm-wordpress\wp-content\themes\storefront\functions.php on line 49

2019-07-02T04:32:00+00:00 CRITICAL syntax error, unexpected ',', expecting ';' in D:\xampp\htdocs\kmkm-wordpress\wp-content\themes\storefront\functions.php on line 49

2019-07-02T04:32:01+00:00 CRITICAL syntax error, unexpected ',', expecting ';' in D:\xampp\htdocs\kmkm-wordpress\wp-content\themes\storefront\functions.php on line 49

2019-07-02T04:32:02+00:00 CRITICAL syntax error, unexpected ',', expecting ';' in D:\xampp\htdocs\kmkm-wordpress\wp-content\themes\storefront\functions.php on line 49

2019-07-02T04:32:03+00:00 CRITICAL syntax error, unexpected ',', expecting ';' in D:\xampp\htdocs\kmkm-wordpress\wp-content\themes\storefront\functions.php on line 49

2019-07-02T04:32:04+00:00 CRITICAL syntax error, unexpected ',', expecting ';' in D:\xampp\htdocs\kmkm-wordpress\wp-content\themes\storefront\functions.php on line 49

2019-07-02T04:32:05+00:00 CRITICAL syntax error, unexpected ',', expecting ';' in D:\xampp\htdocs\kmkm-wordpress\wp-content\themes\storefront\functions.php on line 49

2019-07-02T04:32:06+00:00 CRITICAL syntax error, unexpected ',', expecting ';' in D:\xampp\htdocs\kmkm-wordpress\wp-content\themes\storefront\functions.php on line 49

2019-07-02T04:32:07+00:00 CRITICAL syntax error, unexpected ',', expecting ';' in D:\xampp\htdocs\kmkm-wordpress\wp-content\themes\storefront\functions.php on line 49

2019-07-02T04:32:08+00:00 CRITICAL syntax error, unexpected ',', expecting ';' in D:\xampp\htdocs\kmkm-wordpress\wp-content\themes\storefront\functions.php on line 49

2019-07-02T04:32:09+00:00 CRITICAL syntax error, unexpected ',', expecting ';' in D:\xampp\htdocs\kmkm-wordpress\wp-content\themes\storefront\functions.php on line 49

2019-07-02T04:32:10+00:00 CRITICAL syntax error, unexpected ',', expecting ';' in D:\xampp\htdocs\kmkm-wordpress\wp-content\themes\storefront\functions.php on line 49

2019-07-02T04:32:11+00:00 CRITICAL syntax error, unexpected ',', expecting ';' in D:\xampp\htdocs\kmkm-wordpress\wp-content\themes\storefront\functions.php on line 49

2019-07-02T04:32:12+00:00 CRITICAL syntax error, unexpected ',', expecting ';' in D:\xampp\htdocs\kmkm-wordpress\wp-content\themes\storefront\functions.php on line 49

2019-07-02T04:32:13+00:00 CRITICAL syntax error, unexpected ',', expecting ';' in D:\xampp\htdocs\kmkm-wordpress\wp-content\themes\storefront\functions.php on line 49

2019-07-02T04:32:14+00:00 CRITICAL syntax error, unexpected ',', expecting ';' in D:\xampp\htdocs\kmkm-wordpress\wp-content\themes\storefront\functions.php on line 49

2019-07-02T04:35:57+00:00 CRITICAL Cannot use [] for reading in D:\xampp\htdocs\kmkm-wordpress\wp-content\plugins\variation-swatches-for-woocommerce\includes\class-frontend.php on line 153

