2019-06-14T02:30:08+00:00 CRITICAL Object of class WP_Term could not be converted to string in D:\xampp\htdocs\kmkm-wordpress\wp-content\themes\storefront\archive.php on line 30

2019-06-14T02:31:57+00:00 CRITICAL Uncaught Error: Call to undefined function the_slug() in D:\xampp\htdocs\kmkm-wordpress\wp-content\themes\storefront\archive.php:29
Stack trace:
#0 D:\xampp\htdocs\kmkm-wordpress\wp-includes\template-loader.php(74): include()
#1 D:\xampp\htdocs\kmkm-wordpress\wp-blog-header.php(19): require_once('D:\\xampp\\htdocs...')
#2 D:\xampp\htdocs\kmkm-wordpress\index.php(17): require('D:\\xampp\\htdocs...')
#3 {main}
  thrown in D:\xampp\htdocs\kmkm-wordpress\wp-content\themes\storefront\archive.php on line 29

2019-06-14T02:33:33+00:00 CRITICAL syntax error, unexpected '<', expecting elseif (T_ELSEIF) or else (T_ELSE) or endif (T_ENDIF) in D:\xampp\htdocs\kmkm-wordpress\wp-content\themes\storefront\archive.php on line 29

2019-06-14T02:37:52+00:00 CRITICAL Uncaught Error: Call to undefined function grain_get_url_by_slug() in D:\xampp\htdocs\kmkm-wordpress\wp-content\themes\storefront\archive.php:29
Stack trace:
#0 D:\xampp\htdocs\kmkm-wordpress\wp-includes\template-loader.php(74): include()
#1 D:\xampp\htdocs\kmkm-wordpress\wp-blog-header.php(19): require_once('D:\\xampp\\htdocs...')
#2 D:\xampp\htdocs\kmkm-wordpress\index.php(17): require('D:\\xampp\\htdocs...')
#3 {main}
  thrown in D:\xampp\htdocs\kmkm-wordpress\wp-content\themes\storefront\archive.php on line 29

2019-06-14T02:41:20+00:00 CRITICAL Object of class WP_Term could not be converted to string in D:\xampp\htdocs\kmkm-wordpress\wp-content\themes\storefront\archive.php on line 38

2019-06-14T02:46:34+00:00 CRITICAL syntax error, unexpected ')' in D:\xampp\htdocs\kmkm-wordpress\wp-content\themes\storefront\archive.php on line 31

2019-06-14T02:46:40+00:00 CRITICAL Uncaught ArgumentCountError: Too few arguments to function get_term_by(), 1 passed in D:\xampp\htdocs\kmkm-wordpress\wp-content\themes\storefront\archive.php on line 31 and at least 2 expected in D:\xampp\htdocs\kmkm-wordpress\wp-includes\taxonomy.php:860
Stack trace:
#0 D:\xampp\htdocs\kmkm-wordpress\wp-content\themes\storefront\archive.php(31): get_term_by('all-scents')
#1 D:\xampp\htdocs\kmkm-wordpress\wp-includes\template-loader.php(74): include('D:\\xampp\\htdocs...')
#2 D:\xampp\htdocs\kmkm-wordpress\wp-blog-header.php(19): require_once('D:\\xampp\\htdocs...')
#3 D:\xampp\htdocs\kmkm-wordpress\index.php(17): require('D:\\xampp\\htdocs...')
#4 {main}
  thrown in D:\xampp\htdocs\kmkm-wordpress\wp-includes\taxonomy.php on line 860

2019-06-14T02:47:01+00:00 CRITICAL Uncaught ArgumentCountError: Too few arguments to function get_term_by(), 1 passed in D:\xampp\htdocs\kmkm-wordpress\wp-content\themes\storefront\archive.php on line 31 and at least 2 expected in D:\xampp\htdocs\kmkm-wordpress\wp-includes\taxonomy.php:860
Stack trace:
#0 D:\xampp\htdocs\kmkm-wordpress\wp-content\themes\storefront\archive.php(31): get_term_by('all-scents')
#1 D:\xampp\htdocs\kmkm-wordpress\wp-includes\template-loader.php(74): include('D:\\xampp\\htdocs...')
#2 D:\xampp\htdocs\kmkm-wordpress\wp-blog-header.php(19): require_once('D:\\xampp\\htdocs...')
#3 D:\xampp\htdocs\kmkm-wordpress\index.php(17): require('D:\\xampp\\htdocs...')
#4 {main}
  thrown in D:\xampp\htdocs\kmkm-wordpress\wp-includes\taxonomy.php on line 860

2019-06-14T02:47:21+00:00 CRITICAL Uncaught ArgumentCountError: Too few arguments to function get_term_by(), 1 passed in D:\xampp\htdocs\kmkm-wordpress\wp-content\themes\storefront\archive.php on line 31 and at least 2 expected in D:\xampp\htdocs\kmkm-wordpress\wp-includes\taxonomy.php:860
Stack trace:
#0 D:\xampp\htdocs\kmkm-wordpress\wp-content\themes\storefront\archive.php(31): get_term_by('all-scents')
#1 D:\xampp\htdocs\kmkm-wordpress\wp-includes\template-loader.php(74): include('D:\\xampp\\htdocs...')
#2 D:\xampp\htdocs\kmkm-wordpress\wp-blog-header.php(19): require_once('D:\\xampp\\htdocs...')
#3 D:\xampp\htdocs\kmkm-wordpress\index.php(17): require('D:\\xampp\\htdocs...')
#4 {main}
  thrown in D:\xampp\htdocs\kmkm-wordpress\wp-includes\taxonomy.php on line 860

2019-06-14T02:47:23+00:00 CRITICAL Uncaught ArgumentCountError: Too few arguments to function get_term_by(), 1 passed in D:\xampp\htdocs\kmkm-wordpress\wp-content\themes\storefront\archive.php on line 31 and at least 2 expected in D:\xampp\htdocs\kmkm-wordpress\wp-includes\taxonomy.php:860
Stack trace:
#0 D:\xampp\htdocs\kmkm-wordpress\wp-content\themes\storefront\archive.php(31): get_term_by('all-scents')
#1 D:\xampp\htdocs\kmkm-wordpress\wp-includes\template-loader.php(74): include('D:\\xampp\\htdocs...')
#2 D:\xampp\htdocs\kmkm-wordpress\wp-blog-header.php(19): require_once('D:\\xampp\\htdocs...')
#3 D:\xampp\htdocs\kmkm-wordpress\index.php(17): require('D:\\xampp\\htdocs...')
#4 {main}
  thrown in D:\xampp\htdocs\kmkm-wordpress\wp-includes\taxonomy.php on line 860

2019-06-14T02:52:43+00:00 CRITICAL syntax error, unexpected 'if' (T_IF) in D:\xampp\htdocs\kmkm-wordpress\wp-content\themes\storefront\archive.php on line 37

2019-06-14T03:18:30+00:00 CRITICAL Object of class WP_Error could not be converted to string in D:\xampp\htdocs\kmkm-wordpress\wp-content\themes\storefront\content-none.php on line 33

2019-06-14T03:18:51+00:00 CRITICAL syntax error, unexpected 'if' (T_IF) in D:\xampp\htdocs\kmkm-wordpress\wp-content\themes\storefront\content-none.php on line 36

2019-06-14T03:18:59+00:00 CRITICAL syntax error, unexpected 'if' (T_IF) in D:\xampp\htdocs\kmkm-wordpress\wp-content\themes\storefront\content-none.php on line 36

2019-06-14T03:19:00+00:00 CRITICAL syntax error, unexpected 'if' (T_IF) in D:\xampp\htdocs\kmkm-wordpress\wp-content\themes\storefront\content-none.php on line 36

2019-06-14T03:19:12+00:00 CRITICAL syntax error, unexpected 'if' (T_IF) in D:\xampp\htdocs\kmkm-wordpress\wp-content\themes\storefront\content-none.php on line 36

2019-06-14T03:19:25+00:00 CRITICAL Object of class WP_Error could not be converted to string in D:\xampp\htdocs\kmkm-wordpress\wp-content\themes\storefront\content-none.php on line 33

2019-06-14T03:20:37+00:00 CRITICAL Object of class WP_Term could not be converted to string in D:\xampp\htdocs\kmkm-wordpress\wp-content\themes\storefront\content-none.php on line 33

2019-06-14T03:21:59+00:00 CRITICAL syntax error, unexpected end of file, expecting elseif (T_ELSEIF) or else (T_ELSE) or endif (T_ENDIF) in D:\xampp\htdocs\kmkm-wordpress\wp-content\themes\storefront\content-none.php on line 108

2019-06-14T03:22:02+00:00 CRITICAL syntax error, unexpected end of file, expecting elseif (T_ELSEIF) or else (T_ELSE) or endif (T_ENDIF) in D:\xampp\htdocs\kmkm-wordpress\wp-content\themes\storefront\content-none.php on line 108

2019-06-14T03:22:20+00:00 CRITICAL syntax error, unexpected end of file, expecting elseif (T_ELSEIF) or else (T_ELSE) or endif (T_ENDIF) in D:\xampp\htdocs\kmkm-wordpress\wp-content\themes\storefront\content-none.php on line 107

2019-06-14T03:22:32+00:00 CRITICAL syntax error, unexpected end of file, expecting elseif (T_ELSEIF) or else (T_ELSE) or endif (T_ENDIF) in D:\xampp\htdocs\kmkm-wordpress\wp-content\themes\storefront\content-none.php on line 107

2019-06-14T03:22:37+00:00 CRITICAL syntax error, unexpected '}', expecting elseif (T_ELSEIF) or else (T_ELSE) or endif (T_ENDIF) in D:\xampp\htdocs\kmkm-wordpress\wp-content\themes\storefront\content-none.php on line 97

2019-06-14T03:22:41+00:00 CRITICAL syntax error, unexpected end of file, expecting elseif (T_ELSEIF) or else (T_ELSE) or endif (T_ENDIF) in D:\xampp\htdocs\kmkm-wordpress\wp-content\themes\storefront\content-none.php on line 107

2019-06-14T03:23:06+00:00 CRITICAL syntax error, unexpected end of file, expecting elseif (T_ELSEIF) or else (T_ELSE) or endif (T_ENDIF) in D:\xampp\htdocs\kmkm-wordpress\wp-content\themes\storefront\content-none.php on line 44

2019-06-14T03:23:08+00:00 CRITICAL syntax error, unexpected end of file, expecting elseif (T_ELSEIF) or else (T_ELSE) or endif (T_ENDIF) in D:\xampp\htdocs\kmkm-wordpress\wp-content\themes\storefront\content-none.php on line 44

2019-06-14T03:23:32+00:00 CRITICAL syntax error, unexpected end of file, expecting elseif (T_ELSEIF) or else (T_ELSE) or endif (T_ENDIF) in D:\xampp\htdocs\kmkm-wordpress\wp-content\themes\storefront\content-none.php on line 29

2019-06-14T03:58:32+00:00 CRITICAL syntax error, unexpected ';', expecting ',' or ')' in D:\xampp\htdocs\kmkm-wordpress\wp-content\themes\storefront\content-none.php on line 39

2019-06-14T03:58:49+00:00 CRITICAL Uncaught ArgumentCountError: Too few arguments to function query_posts(), 0 passed in D:\xampp\htdocs\kmkm-wordpress\wp-content\themes\storefront\content-none.php on line 39 and exactly 1 expected in D:\xampp\htdocs\kmkm-wordpress\wp-includes\query.php:96
Stack trace:
#0 D:\xampp\htdocs\kmkm-wordpress\wp-content\themes\storefront\content-none.php(39): query_posts()
#1 D:\xampp\htdocs\kmkm-wordpress\wp-includes\template.php(690): require('D:\\xampp\\htdocs...')
#2 D:\xampp\htdocs\kmkm-wordpress\wp-includes\template.php(647): load_template('D:\\xampp\\htdocs...', false)
#3 D:\xampp\htdocs\kmkm-wordpress\wp-includes\general-template.php(155): locate_template(Array, true, false)
#4 D:\xampp\htdocs\kmkm-wordpress\wp-content\themes\storefront\archive.php(109): get_template_part('content', 'none')
#5 D:\xampp\htdocs\kmkm-wordpress\wp-includes\template-loader.php(74): include('D:\\xampp\\htdocs...')
#6 D:\xampp\htdocs\kmkm-wordpress\wp-blog-header.php(19): require_once('D:\\xampp\\htdocs...')
#7 D:\xampp\htdocs\kmkm- in D:\xampp\htdocs\kmkm-wordpress\wp-includes\query.php on line 96

2019-06-14T04:14:46+00:00 CRITICAL syntax error, unexpected ';' in D:\xampp\htdocs\kmkm-wordpress\wp-content\themes\storefront\content-none.php on line 47

2019-06-14T04:48:25+00:00 CRITICAL syntax error, unexpected ',' in D:\xampp\htdocs\kmkm-wordpress\wp-content\themes\storefront\single.php on line 58

2019-06-14T04:48:59+00:00 CRITICAL syntax error, unexpected '.1' (T_DNUMBER), expecting ',' or ')' in D:\xampp\htdocs\kmkm-wordpress\wp-content\themes\storefront\single.php on line 58

2019-06-14T04:49:27+00:00 CRITICAL syntax error, unexpected 'echo' (T_ECHO) in D:\xampp\htdocs\kmkm-wordpress\wp-content\themes\storefront\single.php on line 58

2019-06-14T04:49:32+00:00 CRITICAL syntax error, unexpected 'echo' (T_ECHO) in D:\xampp\htdocs\kmkm-wordpress\wp-content\themes\storefront\single.php on line 58

2019-06-14T05:08:09+00:00 CRITICAL syntax error, unexpected '}', expecting ',' or ';' in D:\xampp\htdocs\kmkm-wordpress\wp-content\themes\storefront\single.php on line 66

