2019-06-13T04:29:32+00:00 CRITICAL syntax error, unexpected ';', expecting ')' in D:\xampp\htdocs\kmkm-wordpress\wp-content\themes\storefront\content-blog.php on line 15

2019-06-13T04:35:22+00:00 CRITICAL syntax error, unexpected end of file in D:\xampp\htdocs\kmkm-wordpress\wp-content\themes\storefront\content-blog.php on line 103

2019-06-13T04:38:32+00:00 CRITICAL Uncaught ArgumentCountError: Too few arguments to function get_category(), 0 passed in D:\xampp\htdocs\kmkm-wordpress\wp-content\themes\storefront\content-blog.php on line 21 and at least 1 expected in D:\xampp\htdocs\kmkm-wordpress\wp-includes\category.php:91
Stack trace:
#0 D:\xampp\htdocs\kmkm-wordpress\wp-content\themes\storefront\content-blog.php(21): get_category()
#1 D:\xampp\htdocs\kmkm-wordpress\wp-includes\template.php(690): require('D:\\xampp\\htdocs...')
#2 D:\xampp\htdocs\kmkm-wordpress\wp-includes\template.php(647): load_template('D:\\xampp\\htdocs...', false)
#3 D:\xampp\htdocs\kmkm-wordpress\wp-includes\general-template.php(155): locate_template(Array, true, false)
#4 D:\xampp\htdocs\kmkm-wordpress\wp-content\themes\storefront\archive.php(35): get_template_part('content-blog', 'page')
#5 D:\xampp\htdocs\kmkm-wordpress\wp-includes\template-loader.php(74): include('D:\\xampp\\htdocs...')
#6 D:\xampp\htdocs\kmkm-wordpress\wp-blog-header.php(19): require_once('D:\\xampp\\htdocs...')
#7 D:\xampp\ht in D:\xampp\htdocs\kmkm-wordpress\wp-includes\category.php on line 91

2019-06-13T09:50:38+00:00 CRITICAL Uncaught Error: Call to undefined function print_f() in D:\xampp\htdocs\kmkm-wordpress\wp-content\themes\storefront\single.php:53
Stack trace:
#0 D:\xampp\htdocs\kmkm-wordpress\wp-includes\template-loader.php(74): include()
#1 D:\xampp\htdocs\kmkm-wordpress\wp-blog-header.php(19): require_once('D:\\xampp\\htdocs...')
#2 D:\xampp\htdocs\kmkm-wordpress\index.php(17): require('D:\\xampp\\htdocs...')
#3 {main}
  thrown in D:\xampp\htdocs\kmkm-wordpress\wp-content\themes\storefront\single.php on line 53

2019-06-13T09:51:00+00:00 CRITICAL Uncaught Error: Call to undefined function print_f() in D:\xampp\htdocs\kmkm-wordpress\wp-content\themes\storefront\single.php:53
Stack trace:
#0 D:\xampp\htdocs\kmkm-wordpress\wp-includes\template-loader.php(74): include()
#1 D:\xampp\htdocs\kmkm-wordpress\wp-blog-header.php(19): require_once('D:\\xampp\\htdocs...')
#2 D:\xampp\htdocs\kmkm-wordpress\index.php(17): require('D:\\xampp\\htdocs...')
#3 {main}
  thrown in D:\xampp\htdocs\kmkm-wordpress\wp-content\themes\storefront\single.php on line 53

2019-06-13T09:54:10+00:00 CRITICAL Uncaught Error: Call to a member function get_id() on null in D:\xampp\htdocs\kmkm-wordpress\wp-content\themes\storefront\single.php:54
Stack trace:
#0 D:\xampp\htdocs\kmkm-wordpress\wp-includes\template-loader.php(74): include()
#1 D:\xampp\htdocs\kmkm-wordpress\wp-blog-header.php(19): require_once('D:\\xampp\\htdocs...')
#2 D:\xampp\htdocs\kmkm-wordpress\index.php(17): require('D:\\xampp\\htdocs...')
#3 {main}
  thrown in D:\xampp\htdocs\kmkm-wordpress\wp-content\themes\storefront\single.php on line 54

2019-06-13T09:56:29+00:00 CRITICAL Uncaught Error: Cannot use object of type WP_Post as array in D:\xampp\htdocs\kmkm-wordpress\wp-content\themes\storefront\single.php:53
Stack trace:
#0 D:\xampp\htdocs\kmkm-wordpress\wp-includes\template-loader.php(74): include()
#1 D:\xampp\htdocs\kmkm-wordpress\wp-blog-header.php(19): require_once('D:\\xampp\\htdocs...')
#2 D:\xampp\htdocs\kmkm-wordpress\index.php(17): require('D:\\xampp\\htdocs...')
#3 {main}
  thrown in D:\xampp\htdocs\kmkm-wordpress\wp-content\themes\storefront\single.php on line 53

2019-06-13T09:57:06+00:00 CRITICAL Uncaught Error: Call to undefined function length() in D:\xampp\htdocs\kmkm-wordpress\wp-content\themes\storefront\single.php:53
Stack trace:
#0 D:\xampp\htdocs\kmkm-wordpress\wp-includes\template-loader.php(74): include()
#1 D:\xampp\htdocs\kmkm-wordpress\wp-blog-header.php(19): require_once('D:\\xampp\\htdocs...')
#2 D:\xampp\htdocs\kmkm-wordpress\index.php(17): require('D:\\xampp\\htdocs...')
#3 {main}
  thrown in D:\xampp\htdocs\kmkm-wordpress\wp-content\themes\storefront\single.php on line 53

2019-06-13T09:57:23+00:00 CRITICAL syntax error, unexpected ';', expecting ',' or ')' in D:\xampp\htdocs\kmkm-wordpress\wp-content\themes\storefront\single.php on line 53

2019-06-13T10:08:30+00:00 CRITICAL Uncaught Error: Call to undefined function get_id() in D:\xampp\htdocs\kmkm-wordpress\wp-content\themes\storefront\single.php:48
Stack trace:
#0 D:\xampp\htdocs\kmkm-wordpress\wp-includes\template-loader.php(74): include()
#1 D:\xampp\htdocs\kmkm-wordpress\wp-blog-header.php(19): require_once('D:\\xampp\\htdocs...')
#2 D:\xampp\htdocs\kmkm-wordpress\index.php(17): require('D:\\xampp\\htdocs...')
#3 {main}
  thrown in D:\xampp\htdocs\kmkm-wordpress\wp-content\themes\storefront\single.php on line 48

2019-06-13T10:08:47+00:00 CRITICAL Uncaught Error: Call to undefined method WP_Post::get_id() in D:\xampp\htdocs\kmkm-wordpress\wp-content\themes\storefront\single.php:48
Stack trace:
#0 D:\xampp\htdocs\kmkm-wordpress\wp-includes\template-loader.php(74): include()
#1 D:\xampp\htdocs\kmkm-wordpress\wp-blog-header.php(19): require_once('D:\\xampp\\htdocs...')
#2 D:\xampp\htdocs\kmkm-wordpress\index.php(17): require('D:\\xampp\\htdocs...')
#3 {main}
  thrown in D:\xampp\htdocs\kmkm-wordpress\wp-content\themes\storefront\single.php on line 48

2019-06-13T10:11:55+00:00 CRITICAL syntax error, unexpected 'echo' (T_ECHO) in D:\xampp\htdocs\kmkm-wordpress\wp-content\themes\storefront\single.php on line 58

2019-06-13T10:13:32+00:00 CRITICAL syntax error, unexpected '=', expecting end of file in D:\xampp\htdocs\kmkm-wordpress\wp-content\themes\storefront\single.php on line 53

2019-06-13T10:46:28+00:00 CRITICAL Uncaught Error: Cannot use object of type WC_Product_Variable as array in D:\xampp\htdocs\kmkm-wordpress\wp-content\plugins\woocommerce\templates\single-product\title.php:25
Stack trace:
#0 D:\xampp\htdocs\kmkm-wordpress\wp-content\plugins\woocommerce\includes\wc-core-functions.php(249): include()
#1 D:\xampp\htdocs\kmkm-wordpress\wp-content\plugins\woocommerce\includes\wc-template-functions.php(1506): wc_get_template('single-product/...')
#2 D:\xampp\htdocs\kmkm-wordpress\wp-includes\class-wp-hook.php(286): woocommerce_template_single_title('')
#3 D:\xampp\htdocs\kmkm-wordpress\wp-includes\class-wp-hook.php(310): WP_Hook->apply_filters('', Array)
#4 D:\xampp\htdocs\kmkm-wordpress\wp-includes\plugin.php(453): WP_Hook->do_action(Array)
#5 D:\xampp\htdocs\kmkm-wordpress\wp-content\plugins\woocommerce\templates\content-single-product.php(60): do_action('woocommerce_sin...')
#6 D:\xampp\htdocs\kmkm-wordpress\wp-includes\template.php(690): require('D:\\xampp\\htdocs...')
#7 D:\xampp\htdocs\kmkm-wordpress\wp-conten in D:\xampp\htdocs\kmkm-wordpress\wp-content\plugins\woocommerce\templates\single-product\title.php on line 25

2019-06-13T10:49:17+00:00 CRITICAL syntax error, unexpected '' '' (T_CONSTANT_ENCAPSED_STRING), expecting ',' or ')' in D:\xampp\htdocs\kmkm-wordpress\wp-content\plugins\woocommerce\templates\single-product\title.php on line 25

2019-06-13T10:49:36+00:00 CRITICAL syntax error, unexpected ')', expecting ',' or ';' in D:\xampp\htdocs\kmkm-wordpress\wp-content\plugins\woocommerce\templates\single-product\title.php on line 25

2019-06-13T10:49:39+00:00 CRITICAL syntax error, unexpected ')', expecting ',' or ';' in D:\xampp\htdocs\kmkm-wordpress\wp-content\plugins\woocommerce\templates\single-product\title.php on line 25

2019-06-13T11:32:14+00:00 CRITICAL Object of class WP_Post could not be converted to string in D:\xampp\htdocs\kmkm-wordpress\wp-content\themes\storefront\single.php on line 58

2019-06-13T11:36:48+00:00 CRITICAL syntax error, unexpected '}', expecting ',' or ';' in D:\xampp\htdocs\kmkm-wordpress\wp-content\themes\storefront\single.php on line 66

