2019-07-19T08:57:35+00:00 CRITICAL syntax error, unexpected '$editoral' (T_VARIABLE), expecting ',' or ')' in D:\xampp\htdocs\kmkm-wordpress\wp-content\themes\storefront\single.php on line 61

2019-07-19T08:57:53+00:00 CRITICAL syntax error, unexpected '.' in D:\xampp\htdocs\kmkm-wordpress\wp-content\themes\storefront\single.php on line 61

2019-07-19T09:40:51+00:00 CRITICAL Uncaught Error: Call to undefined function get_meta_value_by_key() in D:\xampp\htdocs\kmkm-wordpress\wp-content\themes\storefront\single.php:61
Stack trace:
#0 D:\xampp\htdocs\kmkm-wordpress\wp-includes\template-loader.php(74): include()
#1 D:\xampp\htdocs\kmkm-wordpress\wp-blog-header.php(19): require_once('D:\\xampp\\htdocs...')
#2 D:\xampp\htdocs\kmkm-wordpress\index.php(17): require('D:\\xampp\\htdocs...')
#3 {main}
  thrown in D:\xampp\htdocs\kmkm-wordpress\wp-content\themes\storefront\single.php on line 61

2019-07-19T09:48:16+00:00 CRITICAL syntax error, unexpected '$is' (T_VARIABLE), expecting ',' or ')' in D:\xampp\htdocs\kmkm-wordpress\wp-content\themes\storefront\single.php on line 61

2019-07-19T09:50:16+00:00 CRITICAL syntax error, unexpected ',' in D:\xampp\htdocs\kmkm-wordpress\wp-content\themes\storefront\single.php on line 61

2019-07-19T09:54:53+00:00 CRITICAL syntax error, unexpected '$is' (T_VARIABLE) in D:\xampp\htdocs\kmkm-wordpress\wp-content\themes\storefront\single.php on line 61

2019-07-19T09:57:45+00:00 CRITICAL Uncaught Error: Function name must be a string in D:\xampp\htdocs\kmkm-wordpress\wp-content\themes\storefront\single.php:64
Stack trace:
#0 D:\xampp\htdocs\kmkm-wordpress\wp-includes\template-loader.php(74): include()
#1 D:\xampp\htdocs\kmkm-wordpress\wp-blog-header.php(19): require_once('D:\\xampp\\htdocs...')
#2 D:\xampp\htdocs\kmkm-wordpress\index.php(17): require('D:\\xampp\\htdocs...')
#3 {main}
  thrown in D:\xampp\htdocs\kmkm-wordpress\wp-content\themes\storefront\single.php on line 64

2019-07-19T09:58:36+00:00 CRITICAL syntax error, unexpected '$is' (T_VARIABLE) in D:\xampp\htdocs\kmkm-wordpress\wp-content\themes\storefront\single.php on line 61

2019-07-19T10:01:38+00:00 CRITICAL syntax error, unexpected ''$is'' (T_CONSTANT_ENCAPSED_STRING), expecting ',' or ')' in D:\xampp\htdocs\kmkm-wordpress\wp-content\themes\storefront\single.php on line 63

2019-07-19T10:02:56+00:00 CRITICAL syntax error, unexpected ''$is'' (T_CONSTANT_ENCAPSED_STRING), expecting ',' or ')' in D:\xampp\htdocs\kmkm-wordpress\wp-content\themes\storefront\single.php on line 63

2019-07-19T10:09:04+00:00 CRITICAL syntax error, unexpected '.' in D:\xampp\htdocs\kmkm-wordpress\wp-content\themes\storefront\single.php on line 63

2019-07-19T10:12:02+00:00 CRITICAL syntax error, unexpected 'if' (T_IF), expecting ',' or ';' in D:\xampp\htdocs\kmkm-wordpress\wp-content\themes\storefront\single.php on line 64

2019-07-19T10:25:51+00:00 CRITICAL syntax error, unexpected 'echo' (T_ECHO) in D:\xampp\htdocs\kmkm-wordpress\wp-content\themes\storefront\single.php on line 63

2019-07-19T10:47:33+00:00 CRITICAL syntax error, unexpected ')' in D:\xampp\htdocs\kmkm-wordpress\wp-content\themes\storefront\single.php on line 63

