2019-08-20T04:26:54+00:00 CRITICAL Object of class WP_Error could not be converted to string in /var/www/html/wp-content/themes/storefront/content-blog.php on line 32

2019-08-20T04:28:00+00:00 CRITICAL Uncaught Error: Call to undefined function debug_to_console() in /var/www/html/wp-content/themes/storefront/content-blog.php:32
Stack trace:
#0 /var/www/html/wp-includes/template.php(706): require()
#1 /var/www/html/wp-includes/template.php(653): load_template('/var/www/html/w...', false)
#2 /var/www/html/wp-includes/general-template.php(157): locate_template(Array, true, false)
#3 /var/www/html/wp-content/themes/storefront/ScentsWithoutSidebar.php(68): get_template_part('content-blog', 'page')
#4 /var/www/html/wp-includes/template-loader.php(77): include('/var/www/html/w...')
#5 /var/www/html/wp-blog-header.php(19): require_once('/var/www/html/w...')
#6 /var/www/html/index.php(22): require('/var/www/html/w...')
#7 {main}
  thrown in /var/www/html/wp-content/themes/storefront/content-blog.php on line 32

2019-08-20T04:29:37+00:00 CRITICAL syntax error, unexpected ';' in /var/www/html/wp-content/themes/storefront/content-blog.php on line 32

2019-08-20T04:30:58+00:00 CRITICAL Object of class WP_Error could not be converted to string in /var/www/html/wp-content/themes/storefront/content-blog.php on line 32

2019-08-20T04:31:16+00:00 CRITICAL Object of class WP_Error could not be converted to string in /var/www/html/wp-content/themes/storefront/content-blog.php on line 32

2019-08-20T05:14:16+00:00 CRITICAL syntax error, unexpected ';' in /var/www/html/wp-content/themes/storefront/ScentsWithoutSidebar.php on line 68

2019-08-20T05:17:10+00:00 CRITICAL syntax error, unexpected 'endwhile' (T_ENDWHILE), expecting end of file in /var/www/html/wp-content/themes/storefront/ScentsWithoutSidebar.php on line 71

2019-08-20T05:17:10+00:00 CRITICAL syntax error, unexpected 'endwhile' (T_ENDWHILE), expecting end of file in /var/www/html/wp-content/themes/storefront/ScentsWithoutSidebar.php on line 71

2019-08-20T05:19:54+00:00 CRITICAL syntax error, unexpected '<' in /var/www/html/wp-content/themes/storefront/content-blog-sc.php on line 59

2019-08-20T05:22:28+00:00 CRITICAL syntax error, unexpected '<' in /var/www/html/wp-content/themes/storefront/content-blog-sc.php on line 62

2019-08-20T05:22:39+00:00 CRITICAL syntax error, unexpected end of file in /var/www/html/wp-content/themes/storefront/content-blog-sc.php on line 70

2019-08-20T05:22:43+00:00 CRITICAL syntax error, unexpected end of file in /var/www/html/wp-content/themes/storefront/content-blog-sc.php on line 70

2019-08-20T05:22:53+00:00 CRITICAL syntax error, unexpected end of file in /var/www/html/wp-content/themes/storefront/content-blog-sc.php on line 70

2019-08-20T05:23:03+00:00 CRITICAL syntax error, unexpected '}', expecting end of file in /var/www/html/wp-content/themes/storefront/content-blog-sc.php on line 60

2019-08-20T05:23:15+00:00 CRITICAL syntax error, unexpected '}', expecting end of file in /var/www/html/wp-content/themes/storefront/content-blog-sc.php on line 59

2019-08-20T05:24:32+00:00 CRITICAL syntax error, unexpected '<' in /var/www/html/wp-content/themes/storefront/content-blog-sc.php on line 32

